02/05/2016 01:05:54 - null -> Línea 0: Nombre vacío --- ---
02/05/2016 01:05:54 - null -> Línea 0: NIF vacío --- ---
02/05/2016 01:05:54 - null -> Línea 0: NIF vacío --- ---
02/05/2016 01:05:54 - null -> Línea 0: Email vacío --- ---
02/05/2016 01:05:54 - null -> Línea 0: Email vacío --- ---
02/05/2016 01:05:54 - null -> Línea 0: Email vacío --- ---
02/05/2016 01:05:54 - null -> Línea 0: PollingPlace vacío --- ---
02/05/2016 01:05:54 - null -> Línea 0: PollingPlace vacío --- ---
02/05/2016 01:05:54 - null -> Línea 0: PollingPlace vacío --- ---
02/05/2016 01:05:54 - null -> Línea 0: PollingPlace vacío --- ---
02/05/2016 01:05:54 - null -> Línea 0: NIF no válido --- 123456784Q ---
02/05/2016 01:05:54 - null -> Línea 0: NIF no válido --- 123456784Q ---
02/05/2016 01:05:54 - null -> Línea 0: NIF no válido --- 123456784Q ---
02/05/2016 01:05:54 - null -> Línea 0: NIF no válido --- 123456784Q ---
02/05/2016 01:05:54 - null -> Línea 0: NIF no válido --- 123456784Q ---
02/05/2016 01:05:54 - null -> Línea 0: Email no válido --- jonasuniovi.es ---
02/05/2016 01:05:54 - null -> Línea 0: Email no válido --- jonasuniovi.es ---
02/05/2016 01:05:54 - null -> Línea 0: Email no válido --- jonasuniovi.es ---
02/05/2016 01:05:54 - null -> Línea 0: Email no válido --- jonasuniovi.es ---
02/05/2016 01:05:54 - null -> Línea 0: Email no válido --- jonasuniovi.es ---
02/05/2016 01:05:54 - null -> Línea 0: Email no válido --- jonasuniovi.es ---
02/05/2016 01:05:54 - null -> Línea 0: PollingPlace no válido --- -1 ---
02/05/2016 01:05:54 - null -> Línea 0: PollingPlace no válido --- -1 ---
02/05/2016 01:05:54 - null -> Línea 0: PollingPlace no válido --- -1 ---
02/05/2016 01:05:54 - null -> Línea 0: PollingPlace no válido --- -1 ---
02/05/2016 01:05:54 - null -> Línea 0: PollingPlace no válido --- -1 ---
02/05/2016 01:05:54 - null -> Línea 0: PollingPlace no válido --- -1 ---
02/05/2016 01:05:54 - null -> Línea 0: PollingPlace no válido --- -1 ---
02/05/2016 01:05:54 - null -> Línea 0: Nombre vacío --- ---
02/05/2016 01:05:54 - null -> Línea 0: Nombre vacío --- ---
02/05/2016 01:05:54 - null -> Línea 0: Nombre vacío --- ---
02/05/2016 01:05:54 - null -> Línea 0: Nombre vacío --- ---
02/05/2016 01:05:54 - null -> Línea 0: Nombre vacío --- ---
02/05/2016 01:05:54 - null -> Línea 0: Nombre vacío --- ---
02/05/2016 01:05:54 - null -> Línea 0: Nombre vacío --- ---
02/05/2016 01:05:54 - null -> Línea 0: Nombre vacío --- ---
02/05/2016 01:05:54 - null -> Línea 0: NIF no válido --- 123456783 ---
02/05/2016 01:05:54 - null -> Línea 0: NIF no válido --- 123456783 ---
02/05/2016 01:05:54 - null -> Línea 0: NIF no válido --- 123456783 ---
02/05/2016 01:05:54 - null -> Línea 0: NIF no válido --- 123456783 ---
02/05/2016 01:05:54 - null -> Línea 0: NIF no válido --- 123456783 ---
02/05/2016 01:05:54 - null -> Línea 0: NIF no válido --- 123456783 ---
02/05/2016 01:05:54 - null -> Línea 0: NIF no válido --- 123456783 ---
02/05/2016 01:05:54 - null -> Línea 0: NIF no válido --- 123456783 ---
02/05/2016 01:05:54 - null -> Línea 0: NIF no válido --- 123456783 ---
02/05/2016 01:05:54 - null -> Línea 0: Email no válido --- jonas@uniovies. ---
02/05/2016 01:05:54 - null -> Línea 0: Email no válido --- jonas@uniovies. ---
02/05/2016 01:05:54 - null -> Línea 0: Email no válido --- jonas@uniovies. ---
02/05/2016 01:05:54 - null -> Línea 0: Email no válido --- jonas@uniovies. ---
02/05/2016 01:05:54 - null -> Línea 0: Email no válido --- jonas@uniovies. ---
02/05/2016 01:05:54 - null -> Línea 0: Email no válido --- jonas@uniovies. ---
02/05/2016 01:05:54 - null -> Línea 0: Email no válido --- jonas@uniovies. ---
02/05/2016 01:05:54 - null -> Línea 0: Email no válido --- jonas@uniovies. ---
02/05/2016 01:05:54 - null -> Línea 0: Email no válido --- jonas@uniovies. ---
02/05/2016 01:05:54 - null -> Línea 0: Email no válido --- jonas@uniovies. ---
