01/05/2016 21:28:10 - null NIF vacío --- ---
01/05/2016 21:28:10 - null Apellido vacío --- ---
01/05/2016 21:28:10 - null NIF no válido --- 333333333C ---
01/05/2016 21:28:10 - null Partido vacío --- ---
01/05/2016 21:28:10 - null Partido vacío --- ---
01/05/2016 21:28:10 - null Nombre vacío --- ---
01/05/2016 21:28:10 - null Inicio vacío --- ---
01/05/2016 21:28:10 - null Inicio vacío --- ---
01/05/2016 21:28:10 - null Inicio vacío --- ---
01/05/2016 21:28:10 - null Inicio vacío --- ---
01/05/2016 21:28:10 - null Nombre de la candidatura vacío --- ---
01/05/2016 21:28:10 - null Nombre de la candidatura vacío --- ---
01/05/2016 21:28:10 - null Descripción vacía --- ---
01/05/2016 21:28:10 - null Descripción vacía --- ---
01/05/2016 21:28:10 - null Nombre vacío --- ---
01/05/2016 21:28:10 - null Nombre vacío --- ---
01/05/2016 21:28:10 - null Nombre vacío --- ---
01/05/2016 21:28:11 - null PollingPlace no válido --- -2 ---
01/05/2016 21:28:11 - null PollingPlace no válido --- -2 ---
01/05/2016 21:28:11 - null PollingPlace no válido --- -2 ---
01/05/2016 21:28:11 - null Nombre vacío --- ---
01/05/2016 21:28:11 - null Nombre vacío --- ---
01/05/2016 21:28:11 - null Nombre vacío --- ---
